<?xml version="1.0" encoding="UTF-8"?>
<coverage generated="1656694465949" clover="3.2.0">
  <project timestamp="1656694465950" name="All files">
    <metrics statements="3" coveredstatements="3" conditionals="0" coveredconditionals="0" methods="1" coveredmethods="1" elements="4" coveredelements="4" complexity="0" loc="3" ncloc="3" packages="1" files="1" classes="1"/>
    <file name="twoSum.js" path="C:\Users\Raj\Documents\Desktop Files\Algorithm and logical coding questions\twoSum.js">
      <metrics statements="3" coveredstatements="3" conditionals="0" coveredconditionals="0" methods="1" coveredmethods="1"/>
      <line num="40" count="2" type="stmt"/>
      <line num="41" count="2" type="stmt"/>
      <line num="44" count="2" type="stmt"/>
    </file>
  </project>
</coverage>
