{"C:\\Users\\Raj\\Documents\\Desktop Files\\Algorithm and logical coding questions\\twoSum.js": {"path":"C:\\Users\\Raj\\Documents\\Desktop Files\\Algorithm and logical coding questions\\twoSum.js","statementMap":{"0":{"start":{"line":40,"column":13},"end":{"line":42,"column":1}},"1":{"start":{"line":41,"column":2},"end":{"line":41,"column":15}},"2":{"start":{"line":44,"column":0},"end":{"line":44,"column":24}}},"fnMap":{"0":{"name":"(anonymous_0)","decl":{"start":{"line":40,"column":13},"end":{"line":40,"column":14}},"loc":{"start":{"line":40,"column":29},"end":{"line":42,"column":1}},"line":40}},"branchMap":{},"s":{"0":2,"1":2,"2":2},"f":{"0":2},"b":{},"_coverageSchema":"1a1c01bbd47fc00a2c39e90264f33305004495a9","hash":"fd68577d353e5c6b6a353b1ee0dae76470da0028"}
}
