{"C:\\Users\\Raj\\Documents\\Desktop Files\\Algorithm and logical coding questions\\twoSum\\twoSum.js": {"path":"C:\\Users\\Raj\\Documents\\Desktop Files\\Algorithm and logical coding questions\\twoSum\\twoSum.js","statementMap":{"0":{"start":{"line":24,"column":14},"end":{"line":38,"column":1}},"1":{"start":{"line":25,"column":16},"end":{"line":25,"column":18}},"2":{"start":{"line":27,"column":4},"end":{"line":35,"column":5}},"3":{"start":{"line":27,"column":14},"end":{"line":27,"column":15}},"4":{"start":{"line":28,"column":8},"end":{"line":34,"column":9}},"5":{"start":{"line":28,"column":18},"end":{"line":28,"column":21}},"6":{"start":{"line":29,"column":12},"end":{"line":32,"column":13}},"7":{"start":{"line":30,"column":16},"end":{"line":30,"column":32}},"8":{"start":{"line":31,"column":16},"end":{"line":31,"column":22}},"9":{"start":{"line":36,"column":4},"end":{"line":36,"column":18}},"10":{"start":{"line":44,"column":0},"end":{"line":44,"column":24}}},"fnMap":{"0":{"name":"(anonymous_0)","decl":{"start":{"line":24,"column":14},"end":{"line":24,"column":15}},"loc":{"start":{"line":24,"column":37},"end":{"line":38,"column":1}},"line":24}},"branchMap":{"0":{"loc":{"start":{"line":29,"column":12},"end":{"line":32,"column":13}},"type":"if","locations":[{"start":{"line":29,"column":12},"end":{"line":32,"column":13}},{"start":{},"end":{}}],"line":29}},"s":{"0":1,"1":3,"2":3,"3":3,"4":9,"5":9,"6":8,"7":3,"8":3,"9":3,"10":1},"f":{"0":3},"b":{"0":[3,5]},"_coverageSchema":"1a1c01bbd47fc00a2c39e90264f33305004495a9","hash":"249fe27d533892b53987d6cc5be706301020bf42"}
}
